<?xml version="1.0" encoding="UTF-8"?>
<!-- Generated by org.testng.reporters.JUnitReportReporter -->
<testsuite skipped="0" hostname="LAPTOP-AQ01NJB9" name="com.obsqura.TestNGSample.GroupRadioButtonsSample" tests="5" failures="0" timestamp="20 Nov 2022 21:31:28 GMT" time="198.756" errors="0">
  <testcase name="noSelection" time="38.037" classname="com.obsqura.TestNGSample.GroupRadioButtonsSample"/>
  <testcase name="radioButtonMaleAndAgeGroupClick" time="12.295" classname="com.obsqura.TestNGSample.GroupRadioButtonsSample"/>
  <testcase name="radioButtonMaleClick" time="47.837" classname="com.obsqura.TestNGSample.GroupRadioButtonsSample"/>
  <testcase name="noSelectionPatientsGender" time="65.147" classname="com.obsqura.TestNGSample.GroupRadioButtonsSample"/>
  <testcase name="noSelectionPatientsAgeGroup" time="35.440" classname="com.obsqura.TestNGSample.GroupRadioButtonsSample"/>
</testsuite> <!-- com.obsqura.TestNGSample.GroupRadioButtonsSample -->
