<?xml version="1.0" encoding="UTF-8"?>
<!-- Generated by org.testng.reporters.JUnitReportReporter -->
<testsuite skipped="0" hostname="LAPTOP-AQ01NJB9" name="com.obsqura.TestNGSample.BrowserCommands" tests="4" failures="0" timestamp="03 Nov 2022 02:18:16 GMT" time="36.025" errors="0">
  <testcase name="verifyTitle" time="7.786" classname="com.obsqura.TestNGSample.BrowserCommands"/>
  <testcase name="verifyPageSource" time="7.398" classname="com.obsqura.TestNGSample.BrowserCommands"/>
  <testcase name="verifyURL" time="7.509" classname="com.obsqura.TestNGSample.BrowserCommands"/>
  <testcase name="navigateAndCheck" time="13.332" classname="com.obsqura.TestNGSample.BrowserCommands"/>
</testsuite> <!-- com.obsqura.TestNGSample.BrowserCommands -->
