<?xml version="1.0" encoding="UTF-8"?>
<!-- Generated by org.testng.reporters.JUnitReportReporter -->
<testsuite skipped="0" hostname="LAPTOP-AQ01NJB9" name="com.obsqura.TestNGSample.RadioButtonSelection" tests="3" failures="0" timestamp="20 Nov 2022 19:03:50 GMT" time="37.511" errors="0">
  <testcase name="radioButtonMaleClick" time="9.312" classname="com.obsqura.TestNGSample.RadioButtonSelection"/>
  <testcase name="noSelection" time="8.788" classname="com.obsqura.TestNGSample.RadioButtonSelection"/>
  <testcase name="radioButtonFemaleClick" time="19.411" classname="com.obsqura.TestNGSample.RadioButtonSelection"/>
</testsuite> <!-- com.obsqura.TestNGSample.RadioButtonSelection -->
