<?xml version="1.0" encoding="UTF-8"?>
<!-- Generated by org.testng.reporters.JUnitReportReporter -->
<testsuite skipped="0" hostname="LAPTOP-AQ01NJB9" name="com.obsqura.TestNGSample.Locators" tests="1" failures="0" timestamp="30 Nov 2022 04:58:17 GMT" time="8.475" errors="0">
  <testcase name="locateAxesUsingAND" time="8.475" classname="com.obsqura.TestNGSample.Locators"/>
</testsuite> <!-- com.obsqura.TestNGSample.Locators -->
