<?xml version="1.0" encoding="UTF-8"?>
<!-- Generated by org.testng.reporters.JUnitReportReporter -->
<testsuite skipped="0" hostname="LAPTOP-AQ01NJB9" name="com.obsqura.TestNGSample.CheckBoxSelection" tests="1" failures="0" timestamp="21 Nov 2022 18:18:48 GMT" time="91.348" errors="0">
  <testcase name="checkBoxSelection" time="91.348" classname="com.obsqura.TestNGSample.CheckBoxSelection"/>
</testsuite> <!-- com.obsqura.TestNGSample.CheckBoxSelection -->
