<?xml version="1.0" encoding="UTF-8"?>
<!-- Generated by org.testng.reporters.JUnitReportReporter -->
<testsuite skipped="0" hostname="LAPTOP-AQ01NJB9" name="com.obsqura.TestNGSample.WebElementCommands" tests="12" failures="0" timestamp="14 Nov 2022 11:56:15 GMT" time="142.260" errors="0">
  <testcase name="getAttributeSize" time="4.977" classname="com.obsqura.TestNGSample.WebElementCommands"/>
  <testcase name="getBgColor" time="4.656" classname="com.obsqura.TestNGSample.WebElementCommands"/>
  <testcase name="sendKeysSample" time="76.042" classname="com.obsqura.TestNGSample.WebElementCommands"/>
  <testcase name="getAttributeTagName" time="5.046" classname="com.obsqura.TestNGSample.WebElementCommands"/>
  <testcase name="checkFormElementsOperations" time="6.472" classname="com.obsqura.TestNGSample.WebElementCommands"/>
  <testcase name="getFontColor" time="4.793" classname="com.obsqura.TestNGSample.WebElementCommands"/>
  <testcase name="checkButtonDisplayed" time="10.284" classname="com.obsqura.TestNGSample.WebElementCommands"/>
  <testcase name="getBtnPositions" time="6.029" classname="com.obsqura.TestNGSample.WebElementCommands"/>
  <testcase name="getAttributeClassName" time="7.129" classname="com.obsqura.TestNGSample.WebElementCommands"/>
  <testcase name="checkButtonEnabled" time="4.555" classname="com.obsqura.TestNGSample.WebElementCommands"/>
  <testcase name="getCSSValueSample" time="4.953" classname="com.obsqura.TestNGSample.WebElementCommands"/>
  <testcase name="getAttributeID" time="7.324" classname="com.obsqura.TestNGSample.WebElementCommands"/>
</testsuite> <!-- com.obsqura.TestNGSample.WebElementCommands -->
